  Entry.cpp
C:\Users\Administrator\Desktop\LiroxMain\Canvas.h(93,135): warning C4099: 'FLinearColor': type name first seen using 'class' now seen using 'struct'
C:\Users\Administrator\Desktop\LiroxMain\unrealengine.h(91,7): message : see declaration of 'FLinearColor'
C:\Users\Administrator\Desktop\LiroxMain\Canvas.h(124,44): warning C4099: 'FString': type name first seen using 'class' now seen using 'struct'
C:\Users\Administrator\Desktop\LiroxMain\unrealengine.h(246,7): message : see declaration of 'FString'
C:\Users\Administrator\Desktop\LiroxMain\Canvas.h(124,134): warning C4099: 'FLinearColor': type name first seen using 'class' now seen using 'struct'
C:\Users\Administrator\Desktop\LiroxMain\unrealengine.h(91,7): message : see declaration of 'FLinearColor'
C:\Users\Administrator\Desktop\LiroxMain\Canvas.h(124,182): warning C4099: 'FLinearColor': type name first seen using 'class' now seen using 'struct'
C:\Users\Administrator\Desktop\LiroxMain\unrealengine.h(91,7): message : see declaration of 'FLinearColor'
C:\Users\Administrator\Desktop\LiroxMain\Canvas.h(124,293): warning C4099: 'FLinearColor': type name first seen using 'class' now seen using 'struct'
C:\Users\Administrator\Desktop\LiroxMain\unrealengine.h(91,7): message : see declaration of 'FLinearColor'
C:\Users\Administrator\Desktop\LiroxMain\Canvas.h(1316,129): warning C4305: 'argument': truncation from 'double' to 'float'
C:\Users\Administrator\Desktop\LiroxMain\Canvas.h(1320,129): warning C4305: 'argument': truncation from 'double' to 'float'
C:\Users\Administrator\Desktop\LiroxMain\Canvas.h(1349,77): warning C4244: 'argument': conversion from 'int' to 'float', possible loss of data
C:\Users\Administrator\Desktop\LiroxMain\Canvas.h(1368,104): warning C4244: 'argument': conversion from 'float' to 'int', possible loss of data
C:\Users\Administrator\Desktop\LiroxMain\Canvas.h(1375,14): warning C4244: 'initializing': conversion from 'double' to 'float', possible loss of data
C:\Users\Administrator\Desktop\LiroxMain\Canvas.h(1388,72): warning C4244: 'argument': conversion from 'float' to 'int', possible loss of data
C:\Users\Administrator\Desktop\LiroxMain\Canvas.h(1697,70): warning C4244: '=': conversion from 'float' to 'int', possible loss of data
C:\Users\Administrator\Desktop\LiroxMain\Canvas.h(2064,95): warning C4244: 'argument': conversion from 'float' to 'int', possible loss of data
C:\Users\Administrator\Desktop\LiroxMain\Canvas.h(2065,121): warning C4244: 'argument': conversion from 'float' to 'int', possible loss of data
C:\Users\Administrator\Desktop\LiroxMain\Canvas.h(2066,95): warning C4244: 'argument': conversion from 'float' to 'int', possible loss of data
C:\Users\Administrator\Desktop\LiroxMain\Canvas.h(2067,121): warning C4244: 'argument': conversion from 'float' to 'int', possible loss of data
C:\Users\Administrator\Desktop\LiroxMain\decryption.h(285,1): warning C4005: 'LOBYTE': macro redefinition
C:\Program Files (x86)\Windows Kits\10\Include\10.0.22000.0\shared\minwindef.h(206,1): message : see previous definition of 'LOBYTE'
C:\Users\Administrator\Desktop\LiroxMain\decryption.h(286,1): warning C4005: 'LOWORD': macro redefinition
C:\Program Files (x86)\Windows Kits\10\Include\10.0.22000.0\shared\minwindef.h(204,1): message : see previous definition of 'LOWORD'
C:\Users\Administrator\Desktop\LiroxMain\decryption.h(288,1): warning C4005: 'HIBYTE': macro redefinition
C:\Program Files (x86)\Windows Kits\10\Include\10.0.22000.0\shared\minwindef.h(207,1): message : see previous definition of 'HIBYTE'
C:\Users\Administrator\Desktop\LiroxMain\decryption.h(289,1): warning C4005: 'HIWORD': macro redefinition
C:\Program Files (x86)\Windows Kits\10\Include\10.0.22000.0\shared\minwindef.h(205,1): message : see previous definition of 'HIWORD'
C:\Users\Administrator\Desktop\LiroxMain\decryption.h(595,12): warning C4244: '=': conversion from 'unsigned __int64' to 'int', possible loss of data
C:\Users\Administrator\Desktop\LiroxMain\decryption.h(600,11): warning C4244: '=': conversion from 'unsigned __int64' to 'int', possible loss of data
C:\Users\Administrator\Desktop\LiroxMain\decryption.h(603,13): warning C4244: '=': conversion from 'unsigned __int64' to 'unsigned int', possible loss of data
C:\Users\Administrator\Desktop\LiroxMain\Entry.cpp(31,126): warning C4305: 'argument': truncation from 'double' to 'float'
C:\Users\Administrator\Desktop\LiroxMain\Entry.cpp(35,126): warning C4305: 'argument': truncation from 'double' to 'float'
C:\Users\Administrator\Desktop\LiroxMain\Entry.cpp(40,117): warning C4305: 'argument': truncation from 'double' to 'float'
C:\Users\Administrator\Desktop\LiroxMain\Entry.cpp(201,21): warning C4244: 'initializing': conversion from 'int' to 'float', possible loss of data
C:\Users\Administrator\Desktop\LiroxMain\Entry.cpp(202,21): warning C4244: 'initializing': conversion from 'int' to 'float', possible loss of data
C:\Users\Administrator\Desktop\LiroxMain\Entry.cpp(605,19): warning C4244: 'initializing': conversion from 'double' to 'float', possible loss of data
C:\Users\Administrator\Desktop\LiroxMain\Entry.cpp(608,16): warning C4244: '=': conversion from 'double' to 'float', possible loss of data
C:\Users\Administrator\Desktop\LiroxMain\Entry.cpp(753,125): warning C4244: 'argument': conversion from 'float' to 'int', possible loss of data
C:\Users\Administrator\Desktop\LiroxMain\Entry.cpp(753,117): warning C4244: 'argument': conversion from 'float' to 'int', possible loss of data
C:\Users\Administrator\Desktop\LiroxMain\Entry.cpp(756,120): warning C4244: 'argument': conversion from 'float' to 'int', possible loss of data
C:\Users\Administrator\Desktop\LiroxMain\Entry.cpp(756,112): warning C4244: 'argument': conversion from 'float' to 'int', possible loss of data
C:\Users\Administrator\Desktop\LiroxMain\Entry.cpp(763,124): warning C4244: 'argument': conversion from 'float' to 'int', possible loss of data
C:\Users\Administrator\Desktop\LiroxMain\Entry.cpp(763,112): warning C4244: 'argument': conversion from 'float' to 'int', possible loss of data
C:\Users\Administrator\Desktop\LiroxMain\Entry.cpp(935,12): warning C4552: '!=': result of expression not used
C:\Users\Administrator\Desktop\LiroxMain\Entry.cpp(1015,71): warning C4244: 'argument': conversion from 'float' to 'int', possible loss of data
C:\Users\Administrator\Desktop\LiroxMain\Entry.cpp(1015,62): warning C4244: 'argument': conversion from 'float' to 'int', possible loss of data
C:\Users\Administrator\Desktop\LiroxMain\Entry.cpp(1080,22): warning C4244: 'initializing': conversion from 'double' to 'float', possible loss of data
C:\Users\Administrator\Desktop\LiroxMain\Entry.cpp(1322,22): warning C4244: 'initializing': conversion from 'double' to 'float', possible loss of data
C:\Users\Administrator\Desktop\LiroxMain\Entry.cpp(1371,22): warning C4244: 'initializing': conversion from 'double' to 'float', possible loss of data
C:\Users\Administrator\Desktop\LiroxMain\Entry.cpp(1615,41): warning C4305: 'argument': truncation from 'double' to 'float'
C:\Users\Administrator\Desktop\LiroxMain\Entry.cpp(1410,122): warning C4390: ';': empty controlled statement found; is this the intent?
C:\Users\Administrator\Desktop\LiroxMain\Entry.cpp(949,12): warning C4101: 'Object': unreferenced local variable
C:\Users\Administrator\Desktop\LiroxMain\Entry.cpp(1670,41): warning C4244: 'argument': conversion from 'uintptr_t' to 'const uint32_t', possible loss of data
C:\Users\Administrator\Desktop\LiroxMain\Entry.cpp(1682,51): warning C4244: 'argument': conversion from 'T' to 'float', possible loss of data
          with
          [
              T=uintptr_t
          ]
C:\Users\Administrator\Desktop\LiroxMain\Entry.cpp(1684,51): warning C4244: 'argument': conversion from 'T' to 'float', possible loss of data
          with
          [
              T=uintptr_t
          ]
C:\Users\Administrator\Desktop\LiroxMain\Entry.cpp(1692,110): warning C4244: 'return': conversion from 'LRESULT' to 'int', possible loss of data
C:\Program Files\Microsoft Visual Studio\2022\Enterprise\VC\Tools\MSVC\14.35.32215\include\xstring(2859,53): warning C4244: 'argument': conversion from 'wchar_t' to 'const _Elem', possible loss of data
          with
          [
              _Elem=char
          ]
C:\Program Files\Microsoft Visual Studio\2022\Enterprise\VC\Tools\MSVC\14.35.32215\include\xstring(2718,1): message : see reference to function template instantiation 'void std::basic_string<char,std::char_traits<char>,std::allocator<char>>::_Construct_from_iter<wchar_t*,wchar_t*,_Size_type>(_Iter,const _Sent,_Size)' being compiled
          with
          [
              _Size_type=unsigned __int64,
              _Iter=wchar_t *,
              _Sent=wchar_t *,
              _Size=unsigned __int64
          ]
C:\Program Files\Microsoft Visual Studio\2022\Enterprise\VC\Tools\MSVC\14.35.32215\include\xstring(2718,37): message : see reference to function template instantiation 'void std::basic_string<char,std::char_traits<char>,std::allocator<char>>::_Construct_from_iter<wchar_t*,wchar_t*,_Size_type>(_Iter,const _Sent,_Size)' being compiled
          with
          [
              _Size_type=unsigned __int64,
              _Iter=wchar_t *,
              _Sent=wchar_t *,
              _Size=unsigned __int64
          ]
C:\Users\Administrator\Desktop\LiroxMain\Decryptor.h(206): message : see reference to function template instantiation 'std::basic_string<char,std::char_traits<char>,std::allocator<char>>::basic_string<std::_String_iterator<std::_String_val<std::_Simple_types<_Elem>>>,0>(_Iter,_Iter,const _Alloc &)' being compiled
          with
          [
              _Elem=wchar_t,
              _Iter=std::_String_iterator<std::_String_val<std::_Simple_types<wchar_t>>>,
              _Alloc=std::allocator<char>
          ]
C:\Users\Administrator\Desktop\LiroxMain\Decryptor.h(206,3): message : see reference to function template instantiation 'std::basic_string<char,std::char_traits<char>,std::allocator<char>>::basic_string<std::_String_iterator<std::_String_val<std::_Simple_types<_Elem>>>,0>(_Iter,_Iter,const _Alloc &)' being compiled
          with
          [
              _Elem=wchar_t,
              _Iter=std::_String_iterator<std::_String_val<std::_Simple_types<wchar_t>>>,
              _Alloc=std::allocator<char>
          ]
     Creating library C:\Users\Administrator\Desktop\LiroxMain\x64\Release\internal.lib and object C:\Users\Administrator\Desktop\LiroxMain\x64\Release\internal.exp
  Generating code
  15 of 280 functions ( 5.4%) were compiled, the rest were copied from previous compilation.
    4 functions were new in current compilation
    1 functions had inline decision re-evaluated but remain unchanged
  Finished generating code
  internal.vcxproj -> C:\Users\Administrator\Desktop\LiroxMain\x64\Release\internal.dll
